779146	BROOKLYN - INSIDE
707992	MANHATTAN - INSIDE
557889	BRONX - INSIDE
490890	QUEENS - INSIDE
398768	BROOKLYN - FRONT OF
269026	BRONX - FRONT OF
262879	QUEENS - FRONT OF
249941	MANHATTAN - FRONT OF
118051	STATEN ISLAND - INSIDE
83264	STATEN ISLAND - FRONT OF
45089	BROOKLYN - OPPOSITE OF
39433	BRONX - OPPOSITE OF
38324	MANHATTAN - OPPOSITE OF
36241	BROOKLYN - REAR OF
35105	QUEENS - REAR OF
23907	BRONX - REAR OF
22857	QUEENS - OPPOSITE OF
14860	MANHATTAN - REAR OF
9440	STATEN ISLAND - REAR OF
4253	STATEN ISLAND - OPPOSITE OF
