127680	BROOKLYN - 75
114155	BRONX - 43
99714	MANHATTAN - 14
97207	BRONX - 40
93809	STATEN ISLAND - 120
92487	BRONX - 44
88692	BRONX - 46
83537	BROOKLYN - 73
81473	BRONX - 52
78314	BROOKLYN - 67
77191	QUEENS - 114
72121	BRONX - 47
71673	STATEN ISLAND - 122
71274	BROOKLYN - 79
69196	QUEENS - 109
68452	MANHATTAN - 18
67553	BROOKLYN - 70
67222	BRONX - 42
64805	BRONX - 48
63748	QUEENS - 105
63036	BROOKLYN - 77
62012	MANHATTAN - 32
62012	QUEENS - 115
61787	QUEENS - 103
60889	BRONX - 41
60782	QUEENS - 104
60487	MANHATTAN - 13
59823	BROOKLYN - 71
59461	QUEENS - 113
59387	MANHATTAN - 23
58431	BRONX - 49
57982	MANHATTAN - 19
57643	BROOKLYN - 83
56281	MANHATTAN - 9
55588	BRONX - 45
55006	BROOKLYN - 81
54882	BROOKLYN - 61
54825	BROOKLYN - 90
54760	QUEENS - 110
52721	QUEENS - 102
52668	BROOKLYN - 62
51972	QUEENS - 106
51890	MANHATTAN - 1
51415	BROOKLYN - 60
50882	MANHATTAN - 25
47199	BROOKLYN - 63
46394	MANHATTAN - 28
43840	MANHATTAN - 6
43506	QUEENS - 107
43124	BROOKLYN - 72
42984	BROOKLYN - 66
42968	MANHATTAN - 24
42608	BROOKLYN - 84
42522	BROOKLYN - 69
42442	BROOKLYN - 68
42024	MANHATTAN - 34
39092	QUEENS - 108
38623	MANHATTAN - 5
38567	MANHATTAN - 30
38002	BROOKLYN - 88
37179	BRONX - 50
35976	QUEENS - 101
35563	MANHATTAN - 10
34819	MANHATTAN - 20
34754	MANHATTAN - 7
34075	MANHATTAN - 33
30591	QUEENS - 112
30454	BROOKLYN - 78
30017	STATEN ISLAND - 123
27819	MANHATTAN - 17
27720	BROOKLYN - 94
27552	QUEENS - 111
24528	BROOKLYN - 76
24316	MANHATTAN - 26
21384	QUEENS - 100
19509	STATEN ISLAND - 121
268	MANHATTAN - 22
3	BRONX - 23
1	BROOKLYN - 106
1	BRONX - 71
1	BRONX - 114
1	BROOKLYN - 26
1	BROOKLYN - 104
1	BROOKLYN - 7
1	BRONX - 25
1	BROOKLYN - 14
