748211	341 - PETIT LARCENY
577126	578 - HARRASSMENT 2
456123	344 - ASSAULT 3 & RELATED OFFENSES
375479	351 - CRIMINAL MISCHIEF & RELATED OF
363577	109 - GRAND LARCENY
283874	361 - OFF. AGNST PUB ORD SENSBLTY &
197210	107 - BURGLARY
169501	235 - DANGEROUS DRUGS
162173	106 - FELONY ASSAULT
121490	105 - ROBBERY
98734	126 - MISCELLANEOUS PENAL LAW
79996	359 - OFFENSES AGAINST PUBLIC ADMINI
79222	110 - GRAND LARCENY OF MOTOR VEHICLE
65533	352 - CRIMINAL TRESPASS
63079	121 - CRIMINAL MISCHIEF & RELATED OF
56562	112 - THEFT-FRAUD
37406	117 - DANGEROUS DRUGS
35934	236 - DANGEROUS WEAPONS
29581	118 - DANGEROUS WEAPONS
26340	340 - FRAUDS
23931	113 - FORGERY
17427	347 - INTOXICATED & IMPAIRED DRIVING
15066	232 - POSSESSION OF STOLEN PROPERTY
13867	348 - VEHICLE AND TRAFFIC LAWS
13095	114 - ARSON
12284	358 - OFFENSES INVOLVING FRAUD
10924	353 - UNAUTHORIZED USE OF A VEHICLE
10246	365 - ADMINISTRATIVE CODE
7590	343 - OTHER OFFENSES RELATED TO THEF
7569	355 - OFFENSES AGAINST THE PERSON
4804	678 - MISCELLANEOUS PENAL LAW
4568	111 - POSSESSION OF STOLEN PROPERTY
3613	364 - OTHER STATE LAWS (NON PENAL LA
1969	124 - KIDNAPPING & RELATED OFFENSES
1776	350 - GAMBLING
1764	125 - NYS LAWS-UNCLASSIFIED FELONY
1534	238 - FRAUDULENT ACCOSTING
1509	231 - BURGLAR'S TOOLS
1362	345 - OFFENSES RELATED TO CHILDREN
796	346 - ALCOHOLIC BEVERAGE CONTROL LAW
783	675 - ADMINISTRATIVE CODE
714	342 - PETIT LARCENY OF MOTOR VEHICLE
513	572 - DISORDERLY CONDUCT
409	363 - OFFENSES AGAINST PUBLIC SAFETY
338	120 - CHILD ABANDONMENT/NON SUPPORT
187	364 - AGRICULTURE & MRKTS LAW-UNCLASSIFIED
173	571 - LOITERING/GAMBLING (CARDS, DIC
164	356 - PROSTITUTION & RELATED OFFENSES
156	677 - OTHER STATE LAWS
131	237 - ESCAPE 3
125	345 - ENDAN WELFARE INCOMP
118	230 - JOSTLING
114	122 - GAMBLING
69	354 - ANTICIPATORY OFFENSES
61	234 - PROSTITUTION & RELATED OFFENSES
59	455 - UNLAWFUL POSS. WEAP. ON SCHOOL
49	349 - DISRUPTION OF A RELIGIOUS SERV
48	233 - SEX CRIMES
37	120 - ENDAN WELFARE INCOMP
34	115 - PROSTITUTION & RELATED OFFENSES
29	103 - HOMICIDE-NEGLIGENT,UNCLASSIFIE
29	366 - NEW YORK CITY HEALTH CODE
28	116 - SEX CRIMES
23	360 - LOITERING FOR DRUG PURPOSES
18	102 - HOMICIDE-NEGLIGENT-VEHICLE
17	676 - NEW YORK CITY HEALTH CODE
12	685 - ADMINISTRATIVE CODES
11	677 - NYS LAWS-UNCLASSIFIED VIOLATION
9	672 - LOITERING
8	364 - OTHER STATE LAWS (NON PENAL LAW)
8	124 - KIDNAPPING
8	357 - FORTUNE TELLING
7	460 - LOITERING/DEVIATE SEX
6	119 - INTOXICATED/IMPAIRED DRIVING
4	123 - ABORTION
3	577 - UNDER THE INFLUENCE OF DRUGS
3	362 - OFFENSES AGAINST MARRIAGE UNCL
2	343 - THEFT OF SERVICES
2	124 - KIDNAPPING AND RELATED OFFENSES
1	881 - OTHER TRAFFIC INFRACTION
